[07:13:12] ▶ Starting: Load protein list
[07:13:12] ✓ Load protein list
  Time: 0.10s
  CPU: 0.0%
  Memory: 29.0 MB (Δ +0.1 MB)
Input query proteins: 819
[07:13:12] ▶ Starting: Load global PPI network
[07:13:15] ✓ Load global PPI network
  Time: 3.10s
  CPU: 0.0%
  Memory: 545.4 MB (Δ +516.4 MB)
Global network: 16,201 nodes, 236,930 edges
[07:13:15] ▶ Starting: Filter valid nodes
[07:13:16] ✓ Filter valid nodes
  Time: 0.10s
  CPU: 0.0%
  Memory: 545.4 MB (Δ +0.0 MB)
  - Keeping 737 proteins (found in network)
  - Dropping 82 proteins (not found)
[07:13:16] ▶ Starting: Extract subnetwork
[07:13:16] ✓ Extract subnetwork
  Time: 0.12s
  CPU: 0.0%
  Memory: 545.4 MB (Δ +0.0 MB)
  [Info] List of dropped proteins saved to: missing_proteins.txt
[07:13:16] ▶ Starting: Write output file
[07:13:16] ✓ Write output file
  Time: 0.13s
  CPU: 0.0%
  Memory: 545.4 MB (Δ +0.0 MB)

================================================================================
PERFORMANCE SUMMARY: PPI Subnetwork Extraction
================================================================================
Step                                Time            CPU %      Mem Δ (MB)   Status    
--------------------------------------------------------------------------------
Load protein list                   0.10s              0.0           0.1    ✓ completed
Load global PPI network             3.10s              0.0         516.4    ✓ completed
Filter valid nodes                  0.10s              0.0           0.0    ✓ completed
Extract subnetwork                  0.12s              0.0           0.0    ✓ completed
Write output file                   0.13s              0.0           0.0    ✓ completed
--------------------------------------------------------------------------------
TOTAL PIPELINE TIME                 4.16s          
FINAL CPU USAGE                     0.0%
TOTAL MEMORY CHANGE                 +516.5 MB (Final: 545.4 MB)
================================================================================


✓ Process Complete.
  Output File: subnetwork.graphml
  Final Network Size: 737 nodes, 2295 edges
