[07:13:19] ▶ Starting: Load Network
Loaded 737 nodes. Calculating metrics...
[07:13:20] ✓ Load Network
  Time: 0.13s
  CPU: 0.0%
  Memory: 84.4 MB (Δ +6.8 MB)
[07:13:20] ▶ Starting: Calculate Z & P
[07:13:20] ✓ Calculate Z & P
  Time: 0.11s
  CPU: 0.0%
  Memory: 84.7 MB (Δ +0.2 MB)
[07:13:20] ▶ Starting: Classify Hubs
[07:13:20] ✓ Classify Hubs
  Time: 0.10s
  CPU: 0.0%
  Memory: 84.7 MB (Δ +0.0 MB)
[07:13:20] ▶ Starting: Save GraphML
[07:13:20] ✓ Save GraphML
  Time: 0.15s
  CPU: 0.0%
  Memory: 84.8 MB (Δ +0.1 MB)
[07:13:20] ▶ Starting: Save Excel Reports
  - Saved 25 Intra-modular Hubs to intra_modular_hubs.xlsx
  - Saved 21 Inter-modular Hubs to inter_modular_hubs.xlsx
[07:13:20] ✓ Save Excel Reports
  Time: 0.17s
  CPU: 0.0%
  Memory: 88.2 MB (Δ +3.4 MB)

============================================================
HUB ANALYSIS SUMMARY
============================================================
Total Nodes Analyzed: 737
Intra-modular Hubs (Provincial): 25
Inter-modular Hubs (Connector):  21
------------------------------------------------------------

Top 3 Intra-modular Hubs (Highest Z):
  PAX6 (Mod 2): Z=3.76, P=0.16
  VAMP2 (Mod 8): Z=2.71, P=0.38
  FOXA2 (Mod 2): Z=2.37, P=0.21

Top 3 Inter-modular Hubs (Highest P):
  CTNNB1 (Mod 7): Z=2.93, P=0.79
  EGFR (Mod 3): Z=3.15, P=0.78
  ACTB (Mod 1): Z=1.62, P=0.75

================================================================================
PERFORMANCE SUMMARY: Hub Analysis
================================================================================
Step                                Time            CPU %      Mem Δ (MB)   Status    
--------------------------------------------------------------------------------
Load Network                        0.13s              0.0           6.8    ✓ completed
Calculate Z & P                     0.11s              0.0           0.2    ✓ completed
Classify Hubs                       0.10s              0.0           0.0    ✓ completed
Save GraphML                        0.15s              0.0           0.1    ✓ completed
Save Excel Reports                  0.17s              0.0           3.4    ✓ completed
--------------------------------------------------------------------------------
TOTAL PIPELINE TIME                 1.26s          
FINAL CPU USAGE                     0.0%
TOTAL MEMORY CHANGE                 +10.6 MB (Final: 88.2 MB)
================================================================================

