[07:13:19] ▶ Starting: Load Submodules
Loaded input file with 20 submodules.
[07:13:20] ✓ Load Submodules
  Time: 0.18s
  CPU: 0.0%
  Memory: 80.6 MB (Δ +7.3 MB)
[07:13:20] ▶ Starting: Run g:Profiler & Save
Processing Submodule 1...
  - Saved 25 filtered terms to 'Submodule 1'.
Processing Submodule 2...
  - Saved 45 filtered terms to 'Submodule 2'.
Processing Submodule 3...
  - Saved 13 filtered terms to 'Submodule 3'.
Processing Submodule 4...
  - Saved 16 filtered terms to 'Submodule 4'.
Processing Submodule 5...
  - Saved 25 filtered terms to 'Submodule 5'.
Processing Submodule 6...
  - Saved 1 filtered terms to 'Submodule 6'.
Processing Submodule 7...
  - Saved 39 filtered terms to 'Submodule 7'.
Processing Submodule 8...
  - Saved 9 filtered terms to 'Submodule 8'.
Processing Submodule 9...
  - Saved 7 filtered terms to 'Submodule 9'.
Processing Submodule 10...
  - Saved 11 filtered terms to 'Submodule 10'.
Processing Submodule 11...
  - Saved 6 filtered terms to 'Submodule 11'.
Processing Submodule 12...
  - Saved 48 filtered terms to 'Submodule 12'.
Processing Submodule 13...
  - Saved 7 filtered terms to 'Submodule 13'.
Processing Submodule 14...
  - Saved 9 filtered terms to 'Submodule 14'.
Processing Submodule 15...
  - Saved 1 filtered terms to 'Submodule 15'.
Processing Submodule 16...
  - Saved 15 filtered terms to 'Submodule 16'.
Processing Submodule 17...
  - Saved 16 filtered terms to 'Submodule 17'.
Processing Submodule 18...
  - No terms > 75.0% found.
Processing Submodule 19...
  - Saved 1 filtered terms to 'Submodule 19'.
Processing Submodule 20...
  - Saved 39 filtered terms to 'Submodule 20'.
[07:13:57] ✓ Run g:Profiler & Save
  Time: 37.36s
  CPU: 0.0%
  Memory: 92.4 MB (Δ +11.8 MB)

================================================================================
PERFORMANCE SUMMARY: GO Enrichment (>75%)
================================================================================
Step                                Time            CPU %      Mem Δ (MB)   Status    
--------------------------------------------------------------------------------
Load Submodules                     0.18s              0.0           7.3    ✓ completed
Run g:Profiler & Save               37.36s             0.0          11.8    ✓ completed
--------------------------------------------------------------------------------
TOTAL PIPELINE TIME                 37.84s         
FINAL CPU USAGE                     0.0%
TOTAL MEMORY CHANGE                 +19.1 MB (Final: 92.4 MB)
================================================================================


✓ Analysis Complete.
  Output saved to: enrichment_results_filtered.xlsx
